<?xml version="1.0" encoding="utf-8"?><testsuites name="pytest tests"><testsuite name="pytest" errors="0" failures="2" skipped="0" tests="26" time="4.824" timestamp="2026-09-12T16:28:51.742951+00:00" hostname="agent-env-b005c7c7-5d98-4d94-9bf2-a1028b89f726"><testcase classname="tests.test_finance_portal_qa.TestRegression" name="test_ok[/rahaza/finance/reports/trial-balance-params0]" time="0.534" /><testcase classname="tests.test_finance_portal_qa.TestOpeningBalance" name="test_status_empty" time="0.606" /><testcase classname="tests.test_finance_portal_qa.TestRegression" name="test_ok[/rahaza/finance/reports/general-ledger-params1]" time="0.151" /><testcase classname="tests.test_finance_portal_qa.TestOpeningBalance" name="test_template_ok" time="0.227" /><testcase classname="tests.test_finance_portal_qa.TestRegression" name="test_ok[/rahaza/finance/reports/journal-list-params2]" time="0.129" /><testcase classname="tests.test_finance_portal_qa.TestRegression" name="test_ok[/rahaza/finance/reports/balance-sheet-params3]" time="0.167" /><testcase classname="tests.test_finance_portal_qa.TestOpeningBalance" name="test_preview_ok_balanced" time="0.375" /><testcase classname="tests.test_finance_portal_qa.TestRegression" name="test_ok[/rahaza/finance/reports/profit-loss-params4]" time="0.143" /><testcase classname="tests.test_finance_portal_qa.TestRegression" name="test_tb_balanced" time="0.154" /><testcase classname="tests.test_finance_portal_qa.TestOpeningBalance" name="test_preview_header_error" time="0.314" /><testcase classname="tests.test_finance_portal_qa.TestExportXlsx" name="test_export_ok[params0-laba]" time="0.198" /><testcase classname="tests.test_finance_portal_qa.TestExportXlsx" name="test_export_ok[params1-neraca]" time="0.160" /><testcase classname="tests.test_finance_portal_qa.TestOpeningBalance" name="test_preview_unbalanced_and_retained" time="0.541" /><testcase classname="tests.test_finance_portal_qa.TestExportXlsx" name="test_export_ok[params2-lajur]" time="0.187" /><testcase classname="tests.test_finance_portal_qa.TestExportXlsx" name="test_export_ok[params3-arus]" time="0.151" /><testcase classname="tests.test_finance_portal_qa.TestExportXlsx" name="test_export_bad_report" time="0.161" /><testcase classname="tests.test_finance_portal_qa.TestOpeningBalance" name="test_apply_and_lifecycle" time="1.277" /><testcase classname="tests.test_finance_portal_qa.TestCOA" name="test_all_active_have_cfg" time="0.194" /><testcase classname="tests.test_finance_portal_qa.TestCOA" name="test_invalid_cfg" time="0.180"><failure message="AttributeError: 'list' object has no attribute 'get'">backend/tests/test_finance_portal_qa.py:154: in test_invalid_cfg
    acc = self._get_acc(H, "4-1100")
          ^^^^^^^^^^^^^^^^^^^^^^^^^^
backend/tests/test_finance_portal_qa.py:140: in _get_acc
    for a in r.json().get("accounts", r.json() if isinstance(r.json(), list) else []):
             ^^^^^^^^^^^^
E   AttributeError: 'list' object has no attribute 'get'</failure></testcase><testcase classname="tests.test_finance_portal_qa.TestCOA" name="test_update_cfg_and_revert" time="0.175"><failure message="AttributeError: 'list' object has no attribute 'get'">backend/tests/test_finance_portal_qa.py:161: in test_update_cfg_and_revert
    acc = self._get_acc(H, "4-1100")
          ^^^^^^^^^^^^^^^^^^^^^^^^^^
backend/tests/test_finance_portal_qa.py:140: in _get_acc
    for a in r.json().get("accounts", r.json() if isinstance(r.json(), list) else []):
             ^^^^^^^^^^^^
E   AttributeError: 'list' object has no attribute 'get'</failure></testcase><testcase classname="tests.test_finance_portal_qa.TestWorksheet" name="test_ok" time="0.131" /><testcase classname="tests.test_finance_portal_qa.TestCashFlow" name="test_ok" time="0.161" /><testcase classname="tests.test_finance_portal_qa.TestE2EJournal" name="test_flow" time="0.948" /><testcase classname="tests.test_finance_portal_qa.TestReports12M" name="test_pnl_monthly_ok" time="0.127" /><testcase classname="tests.test_finance_portal_qa.TestReports12M" name="test_pnl_monthly_bad_year" time="0.286" /><testcase classname="tests.test_finance_portal_qa.TestReports12M" name="test_bs_monthly_ok" time="0.137" /></testsuite></testsuites>