<?xml version="1.0" encoding="utf-8"?><testsuites name="pytest tests"><testsuite name="pytest" errors="0" failures="0" skipped="0" tests="12" time="4.037" timestamp="2026-09-06T22:54:35.119273+00:00" hostname="agent-env-3c7ec2f4-530a-4226-b988-5525c2a6beb2"><testcase classname="tests.test_golive_master.TestAuth" name="test_superadmin_login" time="0.316" /><testcase classname="tests.test_golive_master.TestAuth" name="test_tutut_login_must_change_password" time="0.338" /><testcase classname="tests.test_golive_master.TestAuth" name="test_change_password_validation_and_restore" time="1.727" /><testcase classname="tests.test_golive_master.TestDemoSeedFence" name="test_maklon_full_403" time="0.141" /><testcase classname="tests.test_golive_master.TestDemoSeedFence" name="test_dewi_seed_demo_full_403" time="0.138" /><testcase classname="tests.test_golive_master.TestDemoSeedFence" name="test_rahaza_hr_seed_run_403" time="0.123" /><testcase classname="tests.test_golive_master.TestMasterData" name="test_locations_count_and_roles" time="0.119" /><testcase classname="tests.test_golive_master.TestMasterData" name="test_materials_fg" time="0.170" /><testcase classname="tests.test_golive_master.TestMasterData" name="test_boms" time="0.518" /><testcase classname="tests.test_golive_master.TestMasterData" name="test_employees" time="0.121" /><testcase classname="tests.test_golive_master.TestMasterData" name="test_payroll_allowances" time="0.132" /><testcase classname="tests.test_golive_master.TestWmsSanity" name="test_wms_location_map_ok" time="0.134" /></testsuite></testsuites>