<?xml version="1.0" encoding="utf-8"?><testsuites name="pytest tests"><testsuite name="pytest" errors="0" failures="0" skipped="1" tests="9" time="3.038" timestamp="2026-09-13T07:32:56.099667+00:00" hostname="agent-env-b005c7c7-5d98-4d94-9bf2-a1028b89f726"><testcase classname="tests.test_local_storage_upload.TestObjectStorageLocalFallback" name="test_default_mode_is_local" time="0.000" /><testcase classname="tests.test_local_storage_upload.TestObjectStorageLocalFallback" name="test_put_object_writes_locally" time="0.003" /><testcase classname="tests.test_local_storage_upload.TestMarketingImportUploadLocal" name="test_upload_shopee_ads_csv_local_storage" time="2.129" /><testcase classname="tests.test_local_storage_upload.TestNotificationsAndRegression" name="test_trial_balance_regression" time="1.918" /><testcase classname="tests.test_local_storage_upload.TestNotificationsAndRegression" name="test_notifications_not_flooded" time="0.419" /><testcase classname="tests.test_local_storage_upload.TestMarketingImportUploadLocal" name="test_preview_session_ok" time="0.187" /><testcase classname="tests.test_local_storage_upload.TestMarketingImportUploadLocal" name="test_cleanup_delete_session" time="0.198" /><testcase classname="tests.test_local_storage_upload.TestUploadsRoute" name="test_missing_upload_returns_404" time="0.164" /><testcase classname="tests.test_local_storage_upload.TestCatalogImageUpload" name="test_upload_png_local" time="0.188"><skipped type="pytest.skip" message="catalog-items endpoint: 404">/app/backend/tests/test_local_storage_upload.py:168: catalog-items endpoint: 404</skipped></testcase></testsuite></testsuites>