<?xml version="1.0" encoding="utf-8"?><testsuites name="pytest tests"><testsuite name="pytest" errors="0" failures="0" skipped="0" tests="8" time="3.542" timestamp="2026-09-23T03:48:30.383528+00:00" hostname="agent-env-4282fbc9-bea2-4665-87a5-739657f414f1"><testcase classname="tests.test_gap_fokus_iter224" name="test_gap_fokus_no_file" time="0.683" /><testcase classname="tests.test_gap_fokus_iter224" name="test_gap_fokus_with_file_structure" time="0.968" /><testcase classname="tests.test_gap_fokus_iter224" name="test_bom_otomatis_no_yellow" time="0.106" /><testcase classname="tests.test_gap_fokus_iter224" name="test_bom_aksesoris_each_group_has_yellow" time="0.076" /><testcase classname="tests.test_gap_fokus_iter224" name="test_consistency_ringkasan_vs_bom_aksesoris" time="0.073" /><testcase classname="tests.test_gap_fokus_iter224" name="test_fillpreview_reads_bom_otomatis" time="0.115" /><testcase classname="tests.test_gap_fokus_iter224" name="test_gap_fokus_unauth" time="0.005" /><testcase classname="tests.test_gap_fokus_iter224" name="test_gap_fokus_bad_extension" time="0.005" /></testsuite></testsuites>