<?xml version="1.0" encoding="utf-8"?><testsuites name="pytest tests"><testsuite name="pytest" errors="0" failures="0" skipped="0" tests="11" time="4.553" timestamp="2026-09-12T18:05:53.388818+00:00" hostname="agent-env-b005c7c7-5d98-4d94-9bf2-a1028b89f726"><testcase classname="tests.test_iter207_master_sync" name="test_master_sync_idempotent" time="1.820" /><testcase classname="tests.test_iter207_master_sync" name="test_rahaza_variants_645_unique_sku" time="0.216" /><testcase classname="tests.test_iter207_master_sync" name="test_rnd_styles_104_with_variants_count" time="0.292" /><testcase classname="tests.test_iter207_master_sync" name="test_rnd_variants_per_style" time="0.273" /><testcase classname="tests.test_iter207_master_sync" name="test_models_have_rnd_style_id" time="0.172" /><testcase classname="tests.test_iter207_master_sync" name="test_fg_materials_have_variant_and_category" time="0.244" /><testcase classname="tests.test_iter207_master_sync" name="test_material_categories_has_cut_panel" time="0.141" /><testcase classname="tests.test_iter207_master_sync" name="test_wms_units_have_pack_and_roll" time="0.170" /><testcase classname="tests.test_iter207_master_sync" name="test_creator_login_no_hash_returns_401" time="0.137" /><testcase classname="tests.test_iter207_master_sync" name="test_finance_trial_balance_200" time="0.154" /><testcase classname="tests.test_iter207_master_sync" name="test_mongo_integrity_checks" time="0.079" /></testsuite></testsuites>