<?xml version="1.0" encoding="utf-8"?><testsuites name="pytest tests"><testsuite name="pytest" errors="0" failures="1" skipped="0" tests="8" time="7.415" timestamp="2026-09-16T18:26:11.974148+00:00" hostname="agent-env-fc29810a-5a92-4a6b-a691-92faae6a3ce0"><testcase classname="tests.test_iter213_bom_fill_varian" name="test_preview_totals" time="0.644" /><testcase classname="tests.test_iter213_bom_fill_varian" name="test_preview_bom_lines_details" time="0.000" /><testcase classname="tests.test_iter213_bom_fill_varian" name="test_apply_first" time="2.094" /><testcase classname="tests.test_iter213_bom_fill_varian" name="test_mongo_state" time="0.021" /><testcase classname="tests.test_iter213_bom_fill_varian" name="test_apply_idempotent" time="2.132" /><testcase classname="tests.test_iter213_bom_fill_varian" name="test_gap_workbook" time="0.793" /><testcase classname="tests.test_iter213_bom_fill_varian" name="test_fill_template" time="0.473" /><testcase classname="tests.test_iter213_bom_fill_varian" name="test_preview_real_file" time="0.950"><failure message="AssertionError: {'materials': 0, 'accounts': 0, 'stores': 7, 'bom_lines': 515, ...}&#10;assert 228 == 229">backend/tests/test_iter213_bom_fill_varian.py:223: in test_preview_real_file
    assert t["sku_prices"] == 229, t
E   AssertionError: {'materials': 0, 'accounts': 0, 'stores': 7, 'bom_lines': 515, ...}
E   assert 228 == 229</failure></testcase></testsuite></testsuites>