<?xml version="1.0" encoding="utf-8"?><testsuites name="pytest tests"><testsuite name="pytest" errors="0" failures="0" skipped="0" tests="6" time="17.530" timestamp="2026-09-19T08:31:43.483232+00:00" hostname="agent-env-4f31d644-9b64-49b0-ac59-d1ef7823387f"><testcase classname="tests.test_bom_fokus_iter130" name="test_fokus_empty_sheetnames_and_bom_otomatis_header" time="4.566" /><testcase classname="tests.test_bom_fokus_iter130" name="test_petunjuk_mentions_bom_otomatis" time="0.038" /><testcase classname="tests.test_bom_fokus_iter130" name="test_fill_preview" time="0.218" /><testcase classname="tests.test_bom_fokus_iter130" name="test_gap_fokus_with_file" time="0.313" /><testcase classname="tests.test_bom_fokus_iter130" name="test_gap_workbook_reads_bom_otomatis" time="0.669" /><testcase classname="tests.test_bom_fokus_iter130" name="test_fill_apply_idempotent_and_restore" time="10.522" /></testsuite></testsuites>