<?xml version="1.0" encoding="utf-8"?><testsuites name="pytest tests"><testsuite name="pytest" errors="0" failures="0" skipped="0" tests="8" time="29.849" timestamp="2026-09-19T05:56:06.085773+00:00" hostname="agent-env-78aff360-4a5b-4083-9fe9-3f2b1a6a5d18"><testcase classname="tests.test_iter218_gap_fokus" name="test_fokus_sheets_only_needed" time="0.946" /><testcase classname="tests.test_iter218_gap_fokus" name="test_fokus_bom_columns_and_hints" time="0.005" /><testcase classname="tests.test_iter218_gap_fokus" name="test_fokus_varian_baru_and_material" time="0.002" /><testcase classname="tests.test_iter218_gap_fokus" name="test_fokus_reupload_preview" time="0.286" /><testcase classname="tests.test_iter218_gap_fokus" name="test_apply_filled_then_idempotent" time="5.814" /><testcase classname="tests.test_iter218_gap_fokus" name="test_fokus_after_apply_shrinks" time="0.447" /><testcase classname="tests.test_iter218_gap_fokus" name="test_fokus_without_file" time="0.287" /><testcase classname="tests.test_iter218_gap_fokus" name="test_fokus_requires_auth" time="21.347" /></testsuite></testsuites>