<?xml version="1.0" encoding="utf-8"?><testsuites name="pytest tests"><testsuite name="pytest" errors="0" failures="0" skipped="0" tests="6" time="2.868" timestamp="2026-09-12T12:04:23.878348+00:00" hostname="agent-env-b005c7c7-5d98-4d94-9bf2-a1028b89f726"><testcase classname="tests.test_iter201_docnum_customer" name="test_policy_default_auto" time="0.485" /><testcase classname="tests.test_iter201_docnum_customer" name="test_create_customer_auto_success" time="0.153" /><testcase classname="tests.test_iter201_docnum_customer" name="test_create_customer_auto_reject_manual_code" time="0.172" /><testcase classname="tests.test_iter201_docnum_customer" name="test_manual_mode_flow" time="0.712" /><testcase classname="tests.test_iter201_docnum_customer" name="test_blocked_location_ids_includes_karantina" time="0.016" /><testcase classname="tests.test_iter201_docnum_customer" name="test_cleanup_no_residual" time="0.002" /></testsuite></testsuites>