<?xml version="1.0" encoding="utf-8"?><testsuites name="pytest tests"><testsuite name="pytest" errors="0" failures="0" skipped="4" tests="11" time="4.158" timestamp="2026-09-05T19:16:26.659963+00:00" hostname="agent-env-da6fe70c-e87c-4bc7-b428-e004f3475b88"><testcase classname="tests.test_iter119_finance_fixes" name="test_fix1_ar_discount_totals_and_je_balanced" time="1.708" /><testcase classname="tests.test_iter119_finance_fixes" name="test_fix1_ar_discount_greater_than_subtotal_400" time="0.086" /><testcase classname="tests.test_iter119_finance_fixes" name="test_fix2_ar_double_payment_creates_two_jes" time="0.367" /><testcase classname="tests.test_iter119_finance_fixes" name="test_fix2_ap_double_payment" time="0.622" /><testcase classname="tests.test_iter119_finance_fixes" name="test_fix3_auto_je_void_blocked" time="0.203" /><testcase classname="tests.test_iter119_finance_fixes" name="test_fix3_manual_je_voidable" time="0.085"><skipped type="pytest.skip" message="cannot create manual journal: 400 {&quot;status&quot;:400,&quot;request_id&quot;:&quot;e0704af76780&quot;,&quot;detail&quot;:&quot;Baris #1: akun '1-1100' adalah header (non-postable). Pilih akun leaf.&quot;}">/app/backend/tests/test_iter119_finance_fixes.py:270: cannot create manual journal: 400 {"status":400,"request_id":"e0704af76780","detail":"Baris #1: akun '1-1100' adalah header (non-postable). Pilih akun leaf."}</skipped></testcase><testcase classname="tests.test_iter119_finance_fixes" name="test_fix3_force_void_requires_reason" time="0.085" /><testcase classname="tests.test_iter119_finance_fixes" name="test_fix3_force_void_success" time="0.094" /><testcase classname="tests.test_iter119_finance_fixes" name="test_fix4_kasbon_deducted_on_finalize" time="0.458"><skipped type="pytest.skip" message="cannot approve kasbon via hr-review">/app/backend/tests/test_iter119_finance_fixes.py:352: cannot approve kasbon via hr-review</skipped></testcase><testcase classname="tests.test_iter119_finance_fixes" name="test_regression_trial_balance_balanced" time="0.215"><skipped type="pytest.skip" message="no trial-balance endpoint">/app/backend/tests/test_iter119_finance_fixes.py:423: no trial-balance endpoint</skipped></testcase><testcase classname="tests.test_iter119_finance_fixes" name="test_regression_balance_sheet" time="0.126"><skipped type="pytest.skip" message="no balance-sheet endpoint">/app/backend/tests/test_iter119_finance_fixes.py:429: no balance-sheet endpoint</skipped></testcase></testsuite></testsuites>