<?xml version="1.0" encoding="utf-8"?><testsuites name="pytest tests"><testsuite name="pytest" errors="0" failures="0" skipped="0" tests="11" time="7.847" timestamp="2026-09-17T04:28:19.877126+00:00" hostname="agent-env-7eb87baf-015a-41ab-9a85-a135e13c543e"><testcase classname="tests.test_iter214_bom_fill_v3" name="test_preview_totals_and_errors" time="0.387" /><testcase classname="tests.test_iter214_bom_fill_v3" name="test_preview_issue_counts" time="0.000" /><testcase classname="tests.test_iter214_bom_fill_v3" name="test_preview_bom_lines_details" time="0.000" /><testcase classname="tests.test_iter214_bom_fill_v3" name="test_apply_a_response" time="2.012" /><testcase classname="tests.test_iter214_bom_fill_v3" name="test_mongo_after_apply_a" time="0.008" /><testcase classname="tests.test_iter214_bom_fill_v3" name="test_apply_a_idempotent" time="1.930" /><testcase classname="tests.test_iter214_bom_fill_v3" name="test_apply_b_replaces_htm_mhg" time="1.791" /><testcase classname="tests.test_iter214_bom_fill_v3" name="test_laporan_sisa_with_file" time="0.274" /><testcase classname="tests.test_iter214_bom_fill_v3" name="test_laporan_sisa_no_file" time="0.227" /><testcase classname="tests.test_iter214_bom_fill_v3" name="test_gap_workbook" time="0.737" /><testcase classname="tests.test_iter214_bom_fill_v3" name="test_completeness" time="0.169" /></testsuite></testsuites>