<?xml version="1.0" encoding="utf-8"?><testsuites name="pytest tests"><testsuite name="pytest" errors="0" failures="0" skipped="0" tests="10" time="7.933" timestamp="2026-09-06T17:02:11.897877+00:00" hostname="agent-env-604b0bd3-6111-4138-bee7-d1616cceda1e"><testcase classname="tests.test_iter122_finance_fixes" name="test_1a_create_cash_account_no_balance_field" time="0.464" /><testcase classname="tests.test_iter122_finance_fixes" name="test_1b_ar_payment_no_dollar_inc_balance" time="0.648" /><testcase classname="tests.test_iter122_finance_fixes" name="test_1c_expense_no_dollar_inc_balance" time="0.286" /><testcase classname="tests.test_iter122_finance_fixes" name="test_1d_cash_flow_report" time="0.131" /><testcase classname="tests.test_iter122_finance_fixes" name="test_2a_damaged_return_karantina_loss_je" time="0.576" /><testcase classname="tests.test_iter122_finance_fixes" name="test_2b_damaged_return_idempotent_no_double_je" time="0.001" /><testcase classname="tests.test_iter122_finance_fixes" name="test_2c_good_return_regression_cogs_je" time="0.559" /><testcase classname="tests.test_iter122_finance_fixes" name="test_3_void_cn_script" time="3.011" /><testcase classname="tests.test_iter122_finance_fixes" name="test_4a_ar_receipt_pdf" time="0.647" /><testcase classname="tests.test_iter122_finance_fixes" name="test_4b_ap_receipt_pdf" time="0.911" /></testsuite></testsuites>