<?xml version="1.0" encoding="utf-8"?><testsuites name="pytest tests"><testsuite name="pytest" errors="0" failures="0" skipped="0" tests="15" time="5.365" timestamp="2026-09-13T16:18:26.151504+00:00" hostname="agent-env-b005c7c7-5d98-4d94-9bf2-a1028b89f726"><testcase classname="tests.test_iter210_marketing_pencairan.TestStage1Settlement" name="test_01_create_settlement" time="2.344" /><testcase classname="tests.test_iter210_marketing_pencairan.TestStage1Settlement" name="test_02_balance_released_increased" time="0.118" /><testcase classname="tests.test_iter210_marketing_pencairan.TestStage1Settlement" name="test_03_create_draft_journal" time="0.141" /><testcase classname="tests.test_iter210_marketing_pencairan.TestStage1Settlement" name="test_04_journal_lines_correct" time="0.144" /><testcase classname="tests.test_iter210_marketing_pencairan.TestStage1Settlement" name="test_05_post_journal" time="0.293" /><testcase classname="tests.test_iter210_marketing_pencairan.TestStage1Settlement" name="test_06_delete_journaled_settlement_forbidden" time="0.128" /><testcase classname="tests.test_iter210_marketing_pencairan.TestStage2Withdrawal" name="test_10_reject_exceeding_balance" time="0.161" /><testcase classname="tests.test_iter210_marketing_pencairan.TestStage2Withdrawal" name="test_11_create_ok" time="0.405" /><testcase classname="tests.test_iter210_marketing_pencairan.TestStage2Withdrawal" name="test_12_create_draft_journal" time="0.305" /><testcase classname="tests.test_iter210_marketing_pencairan.TestStage2Withdrawal" name="test_13_idempotent_journal" time="0.128" /><testcase classname="tests.test_iter210_marketing_pencairan.TestStage2Withdrawal" name="test_14_post_journal" time="0.482" /><testcase classname="tests.test_iter210_marketing_pencairan.TestStage2Withdrawal" name="test_15_put_exceeding_balance_forbidden" time="0.141" /><testcase classname="tests.test_iter210_marketing_pencairan.TestStage2Withdrawal" name="test_16_delete_journaled_forbidden" time="0.187" /><testcase classname="tests.test_iter210_marketing_pencairan.TestStage2Withdrawal" name="test_17_list_contains" time="0.126" /><testcase classname="tests.test_iter210_marketing_pencairan.TestBankRecon" name="test_20_sessions_endpoint_alive" time="0.175" /></testsuite></testsuites>