<?xml version="1.0" encoding="utf-8"?><testsuites name="pytest tests"><testsuite name="pytest" errors="0" failures="1" skipped="0" tests="15" time="6.440" timestamp="2026-09-06T19:01:28.895899+00:00" hostname="agent-env-0e3a931c-5b27-4176-86f7-6a150001bfe6"><testcase classname="tests.test_iter124_independent_verify" name="test_a1_cash_open_and_dup_409" time="2.703" /><testcase classname="tests.test_iter124_independent_verify" name="test_a2_b11_ap_payment_draft_400" time="1.169" /><testcase classname="tests.test_iter124_independent_verify" name="test_a3_ar_invoice_send_pay_receipt" time="0.962" /><testcase classname="tests.test_iter124_independent_verify" name="test_a4_cash_gl_balance_after_transactions" time="0.154" /><testcase classname="tests.test_iter124_independent_verify" name="test_a5_reports_balanced" time="0.138"><failure message="TypeError: float() argument must be a string or a real number, not 'NoneType'">tests/test_iter124_independent_verify.py:193: in test_a5_reports_balanced
    assert round(float(td), 2) == round(float(tc), 2), (td, tc)
                 ^^^^^^^^^
E   TypeError: float() argument must be a string or a real number, not 'NoneType'</failure></testcase><testcase classname="tests.test_iter124_independent_verify" name="test_a6_m03_seven_one_are_cogs" time="0.001" /><testcase classname="tests.test_iter124_independent_verify" name="test_a7_b13_inactive_expense_shown" time="0.335" /><testcase classname="tests.test_iter124_independent_verify" name="test_a8_h10_credit_note_reverses_vat" time="0.212" /><testcase classname="tests.test_iter124_independent_verify" name="test_a9_m04_b09_cmt_penalty" time="0.015" /><testcase classname="tests.test_iter124_independent_verify" name="test_a10_b10_ap_gr_price_variance" time="0.010" /><testcase classname="tests.test_iter124_independent_verify" name="test_a11_b12_material_issue_unit_cost_applied" time="0.017" /><testcase classname="tests.test_iter124_independent_verify" name="test_a12_m05_settlement_journal" time="0.423" /><testcase classname="tests.test_iter124_independent_verify" name="test_a13_l03_no_hardcoded_bank" time="0.144" /><testcase classname="tests.test_iter124_independent_verify" name="test_a14_gl_integrity" time="0.004" /><testcase classname="tests.test_iter124_independent_verify" name="test_zz_cleanup" time="0.006" /></testsuite></testsuites>