<?xml version="1.0" encoding="utf-8"?><testsuites name="pytest tests"><testsuite name="pytest" errors="0" failures="0" skipped="0" tests="6" time="2.436" timestamp="2026-09-12T13:19:47.495338+00:00" hostname="agent-env-b005c7c7-5d98-4d94-9bf2-a1028b89f726"><testcase classname="tests.test_iter202_bom_potongan" name="test_all_active_boms_use_one_cut_panel" time="0.005" /><testcase classname="tests.test_iter202_bom_potongan" name="test_master_cut_panels_472" time="0.003" /><testcase classname="tests.test_iter202_bom_potongan" name="test_costing_model_da1101_gap_panel_unvalued" time="1.434" /><testcase classname="tests.test_iter202_bom_potongan" name="test_rahaza_bom_matrix_da1101" time="0.005" /><testcase classname="tests.test_iter202_bom_potongan" name="test_cutting_bom_requirement_da1101" time="0.009" /><testcase classname="tests.test_iter202_bom_potongan" name="test_rahaza_bom_get_and_put_roundtrip" time="0.016" /></testsuite></testsuites>