<?xml version="1.0" encoding="utf-8"?><testsuites name="pytest tests"><testsuite name="pytest" errors="0" failures="1" skipped="0" tests="11" time="22.243" timestamp="2026-09-17T18:22:31.658133+00:00" hostname="agent-env-eea3c0b9-f6bb-46bc-ba84-6b2a376776d2"><testcase classname="tests.test_iter217_client_file_idempotency" name="test_client_file_preview_zero_change" time="1.549" /><testcase classname="tests.test_iter217_client_file_idempotency" name="test_client_file_apply_zero_change" time="2.752" /><testcase classname="tests.test_iter217_client_file_idempotency" name="test_db_state_after_client_file" time="0.008" /><testcase classname="tests.test_iter217_client_file_idempotency" name="test_deactivate_sku_preview" time="0.189" /><testcase classname="tests.test_iter217_client_file_idempotency" name="test_deactivate_sku_apply" time="2.153" /><testcase classname="tests.test_iter217_client_file_idempotency" name="test_deactivate_sku_apply_idempotent" time="2.231" /><testcase classname="tests.test_iter217_client_file_idempotency" name="test_deactivate_db_verification" time="0.003"><failure message="AssertionError: None&#10;assert (None)">backend/tests/test_iter217_client_file_idempotency.py:166: in test_deactivate_db_verification
    assert shp and shp.get("coa_cash_code") == "1-1102", shp
E   AssertionError: None
E   assert (None)</failure></testcase><testcase classname="tests.test_iter217_client_file_idempotency" name="test_restart_backend_master_sync_preserves_variants" time="10.419" /><testcase classname="tests.test_iter217_client_file_idempotency" name="test_gap_workbook_post_with_file" time="1.725" /><testcase classname="tests.test_iter217_client_file_idempotency" name="test_gap_workbook_get_no_file" time="0.692" /><testcase classname="tests.test_iter217_client_file_idempotency" name="test_uploads_sisa_file" time="0.346" /></testsuite></testsuites>