<?xml version="1.0" encoding="utf-8"?><testsuites name="pytest tests"><testsuite name="pytest" errors="0" failures="0" skipped="0" tests="10" time="5.458" timestamp="2026-09-12T18:52:17.103353+00:00" hostname="agent-env-b005c7c7-5d98-4d94-9bf2-a1028b89f726"><testcase classname="tests.test_iter208_master_fill.TestFillTemplate" name="test_download_template" time="0.471" /><testcase classname="tests.test_iter208_master_fill.TestFillTemplate" name="test_preview_valid" time="0.140" /><testcase classname="tests.test_iter208_master_fill.TestFillTemplate" name="test_preview_errors" time="0.138" /><testcase classname="tests.test_iter208_master_fill.TestFillApply" name="test_apply_and_cleanup" time="1.623" /><testcase classname="tests.test_iter208_master_fill.TestBomShortcuts" name="test_copy_missing_idempotent" time="0.294" /><testcase classname="tests.test_iter208_master_fill.TestBomShortcuts" name="test_add_lines_idempotent" time="0.289" /><testcase classname="tests.test_iter208_master_fill.TestRecalcHPP" name="test_recalc" time="1.720" /><testcase classname="tests.test_iter208_master_fill.TestCreatorPortalLogin" name="test_login_success" time="0.206" /><testcase classname="tests.test_iter208_master_fill.TestCreatorPortalLogin" name="test_login_wrong_pw" time="0.210" /><testcase classname="tests.test_iter208_master_fill.TestShiftEmployees" name="test_shift_default" time="0.002" /></testsuite></testsuites>