<?xml version="1.0" encoding="utf-8"?><testsuites name="pytest tests"><testsuite name="pytest" errors="0" failures="1" skipped="0" tests="8" time="1.523" timestamp="2026-09-12T11:27:10.302291+00:00" hostname="agent-env-b005c7c7-5d98-4d94-9bf2-a1028b89f726"><testcase classname="tests.test_smoke_iteration_200" name="test_health" time="0.284" /><testcase classname="tests.test_smoke_iteration_200" name="test_admin_login" time="0.123" /><testcase classname="tests.test_smoke_iteration_200" name="test_locations_11" time="0.066" /><testcase classname="tests.test_smoke_iteration_200" name="test_models_104" time="0.069" /><testcase classname="tests.test_smoke_iteration_200" name="test_employees_50" time="0.068"><failure message="AssertionError: expected 50 employees got 25; keys=['total', 'skip', 'limit', 'has_more', 'items']&#10;assert 25 == 50">backend/tests/test_smoke_iteration_200.py:91: in test_employees_50
    assert total == 50, f"expected 50 employees got {total}; keys={list(data.keys()) if isinstance(data, dict) else 'list'}"
E   AssertionError: expected 50 employees got 25; keys=['total', 'skip', 'limit', 'has_more', 'items']
E   assert 25 == 50</failure></testcase><testcase classname="tests.test_smoke_iteration_200" name="test_users_27" time="0.061" /><testcase classname="tests.test_smoke_iteration_200" name="test_import_user_login_must_change_password" time="0.118" /><testcase classname="tests.test_smoke_iteration_200" name="test_seed_demo_forbidden" time="0.065" /></testsuite></testsuites>