<?xml version="1.0" encoding="utf-8"?><testsuites name="pytest tests"><testsuite name="pytest" errors="0" failures="3" skipped="0" tests="7" time="10.042" timestamp="2026-09-17T17:13:27.938909+00:00" hostname="agent-env-08e8b924-9b43-4ba4-83bb-7957ebb11c65"><testcase classname="tests.test_iter216_gap_workbook_variant_import" name="test_post_gap_workbook_with_client_file" time="3.499"><failure message="AssertionError: expected DITERAPKAN 340/89/62 not found. Excerpt:&#10;  DATA YANG MASIH HARUS DIISI — CV. Dewi Aditya (dibuat otomatis dari kondisi sistem saat ini)&#10;  Baris yang tertulis di sini = data yang belum lengkap. Isi kolom KUNING saja; kolom lain hanya informasi.&#10;  Baris yang kolom kuningnya dibiarkan kosong/0 TIDAK diubah — aman diunggah sebagian.&#10;  &#10;  UNGGAH ke Portal Keuangan → Master Akuntansi → Impor Harga · Rekening · BOM (berkas ini langsung):&#10;    MATERIAL          — material yang harganya masih 0: isi satuan_beli, isi_per_satuan_beli, harga_per_satuan_beli.&#10;    BOM_AKSESORIS     — aksesoris/bahan pendukung per model (benang, label, kancing…). Satu baris per bahan; kode_material lihat sheet REF_AKSESORIS.&#10;                        Baris ber-kode_model = awal kelompok; baris di bawahnya yang kode_model-nya KOSONG = bahan lain untuk kelompok yang sama.&#10;                        qty_per_pcs boleh ditulis dengan satuan (&quot;60 cm&quot;, &quot;1 pcs&quot;). Kolom 'varian' (opsional) = warna/ukuran pemakai bahan ini,&#10;                        dipisah koma — lihat kolom 'varian_tersedia'. Kosong = semua varian model. Kode model sama dengan nama sama = model beda ukuran.&#10;    MODEL             — berat_gram per model (untuk ongkir).&#10;    HARGA_JUAL_SKU    — SKU barang jadi yang belum berharga; harga_saran = harga SKU saudara di model yang sama (salin ke harga_jual bila setuju).&#10;    STOK_AWAL_FG      — stok fisik barang jadi per SKU per tanggal go-live (qty). Nilai rupiahnya diambil dari SALDO_AWAL (akun Persediaan), bukan dari sini.&#10;    STOK_AWAL_MATERIAL— stok fisik kain &amp; aksesoris per tanggal go-live (qty dalam satuan dasar).&#10;    REKENING / TOKO   — no. rekening &amp; atas nama; rekening pencairan tiap toko (sekarang default 1-1201 Bank BCA).&#10;    GAJI              — gaji pokok per periode &amp; tarif lembur per karyawan (skema monthly/daily/piece).&#10;  &#10;  UNGGAH ke Portal Keuangan → Master Akuntansi → Saldo Awal (berkas yang sama):&#10;    SALDO_AWAL        — neraca penutup pembukuan lama per tanggal go-live; PIUTANG_*/HUTANG_* rinciannya per pelanggan/vendor.&#10;  &#10;  Tidak ada sandi di berkas ini. Techpack/&#10;assert ('DITERAPKAN' in 'DATA YANG MASIH HARUS DIISI — CV. Dewi Aditya (dibuat otomatis dari kondisi sistem saat ini)\nBaris yang tertulis di sini = data yang belum lengkap. Isi kolom KUNING saja; kolom lain hanya informasi.\nBaris yang kolom kuningnya dibiarkan kosong/0 TIDAK diubah — aman diunggah sebagian.\n\nUNGGAH ke Portal Keuangan → Master Akuntansi → Impor Harga · Rekening · BOM (berkas ini langsung):\n  MATERIAL          — material yang harganya masih 0: isi satuan_beli, isi_per_satuan_beli, harga_per_satuan_beli.\n  BOM_AKSESORIS     — aksesoris/bahan pendukung per model (benang, label, kancing…). Satu baris per bahan; kode_material lihat sheet REF_AKSESORIS.\n                      Baris ber-kode_model = awal kelompok; baris di bawahnya yang kode_model-nya KOSONG = bahan lain untuk kelompok yang sama.\n                      qty_per_pcs boleh ditulis dengan satuan (&quot;60 cm&quot;, &quot;1 pcs&quot;). Kolom \'varian\' (opsional) = warna/ukuran pemakai bahan ini,\n                      dipisah koma — lihat kolom \'varian_tersedia\'. Kosong = semua varian model. Kode model sama dengan nama sama = model beda ukuran.\n  MODEL             — berat_gram per model (untuk ongkir).\n  HARGA_JUAL_SKU    — SKU barang jadi y... kelompok) 105\n  Sheet lain (HARGA_JUAL_SKU, MATERIAL, REKENING, TOKO, GAJI, STOK_AWAL) TIDAK diterapkan pada mode \'hanya BOM\' — hanya dicatat.\n\n═══ BERKAS INI = SISANYA SAJA ═══\n  BOM_AKSESORIS  — hanya kelompok yang DILEWATI, ditulis ulang utuh. Kolom \'masalah\' = alasan, \'tindakan\' = yang harus Anda isi.\n                   Jangan hapus baris bahan yang sudah benar: saat unggah ulang, kelompok (model, varian) diganti utuh dengan isi berkas ini.\n  VARIAN_BARU    — model yang belum punya SKU: isi kode_warna (disarankan otomatis dari nama) &amp; ukuran; SKU = MODEL-WARNA-UKURAN dibuat otomatis\n                   beserta barang jadinya; harga_jual opsional. Setelah itu kelompok BOM model tsb (sheet BOM_AKSESORIS) ikut diterapkan pada unggahan yang sama.\n  MATERIAL       — harga masih 0 (HPP belum tervalidasi) + material yang isi kemasannya (pcs per roll/pack) belum ada padahal dipakai BOM.\n                   Isi satuan_beli, isi_per_satuan_beli, harga_per_satuan_beli → HPP model pemakainya menjadi tervalidasi.\n  Unggah balik berkas ini di layar yang sama → \'Terapkan (hanya BOM)\' = VARIAN_BARU + BOM_AKSESORIS; \'Terapkan semua sheet\' = termasuk MATERIAL/harga/gaji/dll.' and '340 baris bahan' in 'DATA YANG MASIH HARUS DIISI — CV. Dewi Aditya (dibuat otomatis dari kondisi sistem saat ini)\nBaris yang tertulis di sini = data yang belum lengkap. Isi kolom KUNING saja; kolom lain hanya informasi.\nBaris yang kolom kuningnya dibiarkan kosong/0 TIDAK diubah — aman diunggah sebagian.\n\nUNGGAH ke Portal Keuangan → Master Akuntansi → Impor Harga · Rekening · BOM (berkas ini langsung):\n  MATERIAL          — material yang harganya masih 0: isi satuan_beli, isi_per_satuan_beli, harga_per_satuan_beli.\n  BOM_AKSESORIS     — aksesoris/bahan pendukung per model (benang, label, kancing…). Satu baris per bahan; kode_material lihat sheet REF_AKSESORIS.\n                      Baris ber-kode_model = awal kelompok; baris di bawahnya yang kode_model-nya KOSONG = bahan lain untuk kelompok yang sama.\n                      qty_per_pcs boleh ditulis dengan satuan (&quot;60 cm&quot;, &quot;1 pcs&quot;). Kolom \'varian\' (opsional) = warna/ukuran pemakai bahan ini,\n                      dipisah koma — lihat kolom \'varian_tersedia\'. Kosong = semua varian model. Kode model sama dengan nama sama = model beda ukuran.\n  MODEL             — berat_gram per model (untuk ongkir).\n  HARGA_JUAL_SKU    — SKU barang jadi y... kelompok) 105\n  Sheet lain (HARGA_JUAL_SKU, MATERIAL, REKENING, TOKO, GAJI, STOK_AWAL) TIDAK diterapkan pada mode \'hanya BOM\' — hanya dicatat.\n\n═══ BERKAS INI = SISANYA SAJA ═══\n  BOM_AKSESORIS  — hanya kelompok yang DILEWATI, ditulis ulang utuh. Kolom \'masalah\' = alasan, \'tindakan\' = yang harus Anda isi.\n                   Jangan hapus baris bahan yang sudah benar: saat unggah ulang, kelompok (model, varian) diganti utuh dengan isi berkas ini.\n  VARIAN_BARU    — model yang belum punya SKU: isi kode_warna (disarankan otomatis dari nama) &amp; ukuran; SKU = MODEL-WARNA-UKURAN dibuat otomatis\n                   beserta barang jadinya; harga_jual opsional. Setelah itu kelompok BOM model tsb (sheet BOM_AKSESORIS) ikut diterapkan pada unggahan yang sama.\n  MATERIAL       — harga masih 0 (HPP belum tervalidasi) + material yang isi kemasannya (pcs per roll/pack) belum ada padahal dipakai BOM.\n                   Isi satuan_beli, isi_per_satuan_beli, harga_per_satuan_beli → HPP model pemakainya menjadi tervalidasi.\n  Unggah balik berkas ini di layar yang sama → \'Terapkan (hanya BOM)\' = VARIAN_BARU + BOM_AKSESORIS; \'Terapkan semua sheet\' = termasuk MATERIAL/harga/gaji/dll.')">backend/tests/test_iter216_gap_workbook_variant_import.py:59: in test_post_gap_workbook_with_client_file
    assert "DITERAPKAN" in text_all and "340 baris bahan" in text_all and \
E   AssertionError: expected DITERAPKAN 340/89/62 not found. Excerpt:
E     DATA YANG MASIH HARUS DIISI — CV. Dewi Aditya (dibuat otomatis dari kondisi sistem saat ini)
E     Baris yang tertulis di sini = data yang belum lengkap. Isi kolom KUNING saja; kolom lain hanya informasi.
E     Baris yang kolom kuningnya dibiarkan kosong/0 TIDAK diubah — aman diunggah sebagian.
E     
E     UNGGAH ke Portal Keuangan → Master Akuntansi → Impor Harga · Rekening · BOM (berkas ini langsung):
E       MATERIAL          — material yang harganya masih 0: isi satuan_beli, isi_per_satuan_beli, harga_per_satuan_beli.
E       BOM_AKSESORIS     — aksesoris/bahan pendukung per model (benang, label, kancing…). Satu baris per bahan; kode_material lihat sheet REF_AKSESORIS.
E                           Baris ber-kode_model = awal kelompok; baris di bawahnya yang kode_model-nya KOSONG = bahan lain untuk kelompok yang sama.
E                           qty_per_pcs boleh ditulis dengan satuan ("60 cm", "1 pcs"). Kolom 'varian' (opsional) = warna/ukuran pemakai bahan ini,
E                           dipisah koma — lihat kolom 'varian_tersedia'. Kosong = semua varian model. Kode model sama dengan nama sama = model beda ukuran.
E       MODEL             — berat_gram per model (untuk ongkir).
E       HARGA_JUAL_SKU    — SKU barang jadi yang belum berharga; harga_saran = harga SKU saudara di model yang sama (salin ke harga_jual bila setuju).
E       STOK_AWAL_FG      — stok fisik barang jadi per SKU per tanggal go-live (qty). Nilai rupiahnya diambil dari SALDO_AWAL (akun Persediaan), bukan dari sini.
E       STOK_AWAL_MATERIAL— stok fisik kain &amp; aksesoris per tanggal go-live (qty dalam satuan dasar).
E       REKENING / TOKO   — no. rekening &amp; atas nama; rekening pencairan tiap toko (sekarang default 1-1201 Bank BCA).
E       GAJI              — gaji pokok per periode &amp; tarif lembur per karyawan (skema monthly/daily/piece).
E     
E     UNGGAH ke Portal Keuangan → Master Akuntansi → Saldo Awal (berkas yang sama):
E       SALDO_AWAL        — neraca penutup pembukuan lama per tanggal go-live; PIUTANG_*/HUTANG_* rinciannya per pelanggan/vendor.
E     
E     Tidak ada sandi di berkas ini. Techpack/
E   assert ('DITERAPKAN' in 'DATA YANG MASIH HARUS DIISI — CV. Dewi Aditya (dibuat otomatis dari kondisi sistem saat ini)\nBaris yang tertulis di sini = data yang belum lengkap. Isi kolom KUNING saja; kolom lain hanya informasi.\nBaris yang kolom kuningnya dibiarkan kosong/0 TIDAK diubah — aman diunggah sebagian.\n\nUNGGAH ke Portal Keuangan → Master Akuntansi → Impor Harga · Rekening · BOM (berkas ini langsung):\n  MATERIAL          — material yang harganya masih 0: isi satuan_beli, isi_per_satuan_beli, harga_per_satuan_beli.\n  BOM_AKSESORIS     — aksesoris/bahan pendukung per model (benang, label, kancing…). Satu baris per bahan; kode_material lihat sheet REF_AKSESORIS.\n                      Baris ber-kode_model = awal kelompok; baris di bawahnya yang kode_model-nya KOSONG = bahan lain untuk kelompok yang sama.\n                      qty_per_pcs boleh ditulis dengan satuan ("60 cm", "1 pcs"). Kolom \'varian\' (opsional) = warna/ukuran pemakai bahan ini,\n                      dipisah koma — lihat kolom \'varian_tersedia\'. Kosong = semua varian model. Kode model sama dengan nama sama = model beda ukuran.\n  MODEL             — berat_gram per model (untuk ongkir).\n  HARGA_JUAL_SKU    — SKU barang jadi y... kelompok) 105\n  Sheet lain (HARGA_JUAL_SKU, MATERIAL, REKENING, TOKO, GAJI, STOK_AWAL) TIDAK diterapkan pada mode \'hanya BOM\' — hanya dicatat.\n\n═══ BERKAS INI = SISANYA SAJA ═══\n  BOM_AKSESORIS  — hanya kelompok yang DILEWATI, ditulis ulang utuh. Kolom \'masalah\' = alasan, \'tindakan\' = yang harus Anda isi.\n                   Jangan hapus baris bahan yang sudah benar: saat unggah ulang, kelompok (model, varian) diganti utuh dengan isi berkas ini.\n  VARIAN_BARU    — model yang belum punya SKU: isi kode_warna (disarankan otomatis dari nama) &amp; ukuran; SKU = MODEL-WARNA-UKURAN dibuat otomatis\n                   beserta barang jadinya; harga_jual opsional. Setelah itu kelompok BOM model tsb (sheet BOM_AKSESORIS) ikut diterapkan pada unggahan yang sama.\n  MATERIAL       — harga masih 0 (HPP belum tervalidasi) + material yang isi kemasannya (pcs per roll/pack) belum ada padahal dipakai BOM.\n                   Isi satuan_beli, isi_per_satuan_beli, harga_per_satuan_beli → HPP model pemakainya menjadi tervalidasi.\n  Unggah balik berkas ini di layar yang sama → \'Terapkan (hanya BOM)\' = VARIAN_BARU + BOM_AKSESORIS; \'Terapkan semua sheet\' = termasuk MATERIAL/harga/gaji/dll.' and '340 baris bahan' in 'DATA YANG MASIH HARUS DIISI — CV. Dewi Aditya (dibuat otomatis dari kondisi sistem saat ini)\nBaris yang tertulis di sini = data yang belum lengkap. Isi kolom KUNING saja; kolom lain hanya informasi.\nBaris yang kolom kuningnya dibiarkan kosong/0 TIDAK diubah — aman diunggah sebagian.\n\nUNGGAH ke Portal Keuangan → Master Akuntansi → Impor Harga · Rekening · BOM (berkas ini langsung):\n  MATERIAL          — material yang harganya masih 0: isi satuan_beli, isi_per_satuan_beli, harga_per_satuan_beli.\n  BOM_AKSESORIS     — aksesoris/bahan pendukung per model (benang, label, kancing…). Satu baris per bahan; kode_material lihat sheet REF_AKSESORIS.\n                      Baris ber-kode_model = awal kelompok; baris di bawahnya yang kode_model-nya KOSONG = bahan lain untuk kelompok yang sama.\n                      qty_per_pcs boleh ditulis dengan satuan ("60 cm", "1 pcs"). Kolom \'varian\' (opsional) = warna/ukuran pemakai bahan ini,\n                      dipisah koma — lihat kolom \'varian_tersedia\'. Kosong = semua varian model. Kode model sama dengan nama sama = model beda ukuran.\n  MODEL             — berat_gram per model (untuk ongkir).\n  HARGA_JUAL_SKU    — SKU barang jadi y... kelompok) 105\n  Sheet lain (HARGA_JUAL_SKU, MATERIAL, REKENING, TOKO, GAJI, STOK_AWAL) TIDAK diterapkan pada mode \'hanya BOM\' — hanya dicatat.\n\n═══ BERKAS INI = SISANYA SAJA ═══\n  BOM_AKSESORIS  — hanya kelompok yang DILEWATI, ditulis ulang utuh. Kolom \'masalah\' = alasan, \'tindakan\' = yang harus Anda isi.\n                   Jangan hapus baris bahan yang sudah benar: saat unggah ulang, kelompok (model, varian) diganti utuh dengan isi berkas ini.\n  VARIAN_BARU    — model yang belum punya SKU: isi kode_warna (disarankan otomatis dari nama) &amp; ukuran; SKU = MODEL-WARNA-UKURAN dibuat otomatis\n                   beserta barang jadinya; harga_jual opsional. Setelah itu kelompok BOM model tsb (sheet BOM_AKSESORIS) ikut diterapkan pada unggahan yang sama.\n  MATERIAL       — harga masih 0 (HPP belum tervalidasi) + material yang isi kemasannya (pcs per roll/pack) belum ada padahal dipakai BOM.\n                   Isi satuan_beli, isi_per_satuan_beli, harga_per_satuan_beli → HPP model pemakainya menjadi tervalidasi.\n  Unggah balik berkas ini di layar yang sama → \'Terapkan (hanya BOM)\' = VARIAN_BARU + BOM_AKSESORIS; \'Terapkan semua sheet\' = termasuk MATERIAL/harga/gaji/dll.')</failure></testcase><testcase classname="tests.test_iter216_gap_workbook_variant_import" name="test_get_gap_workbook_no_file" time="0.640" /><testcase classname="tests.test_iter216_gap_workbook_variant_import" name="test_variant_import_preview" time="0.185"><failure message="AssertionError: new_variants=0 full={'materials': 0, 'accounts': 0, 'stores': 0, 'bom_lines': 4, 'bom_models': 1, 'bom_groups': 1, 'bom_skipped': 0, 'bom_models_in_file': 1, 'skipped': 0, 'models': 0, 'sku_prices': 0, 'stock_rows': 0, 'salaries': 0, 'new_variants': 0}&#10;assert 0 == 7&#10; +  where 0 = &lt;built-in method get of dict object at 0xfbbcbb946d00&gt;('new_variants')&#10; +    where &lt;built-in method get of dict object at 0xfbbcbb946d00&gt; = {'materials': 0, 'accounts': 0, 'stores': 0, 'bom_lines': 4, ...}.get">backend/tests/test_iter216_gap_workbook_variant_import.py:135: in test_variant_import_preview
    assert totals.get("new_variants") == 7, f"new_variants={totals.get('new_variants')} full={totals}"
E   AssertionError: new_variants=0 full={'materials': 0, 'accounts': 0, 'stores': 0, 'bom_lines': 4, 'bom_models': 1, 'bom_groups': 1, 'bom_skipped': 0, 'bom_models_in_file': 1, 'skipped': 0, 'models': 0, 'sku_prices': 0, 'stock_rows': 0, 'salaries': 0, 'new_variants': 0}
E   assert 0 == 7
E    +  where 0 = &lt;built-in method get of dict object at 0xfbbcbb946d00&gt;('new_variants')
E    +    where &lt;built-in method get of dict object at 0xfbbcbb946d00&gt; = {'materials': 0, 'accounts': 0, 'stores': 0, 'bom_lines': 4, ...}.get</failure></testcase><testcase classname="tests.test_iter216_gap_workbook_variant_import" name="test_variant_import_apply_bom_first_run" time="2.148"><failure message="AssertionError: variants_created=0 full={'scope': 'bom', 'materials_updated': 0, 'accounts_updated': 0, 'stores_updated': 0, 'models_weight_updated': 0, 'sku_prices_updated': 0, 'opening_stock_rows': 0, 'salaries_updated': 0, 'bom_models': 1, 'bom_groups': 1, 'bom_base_created': 0, 'boms_touched': 0, 'boms_unchanged': 7, 'bom_lines_appended': 0, 'bom_lines_replaced': 0, 'bom_lines_updated': 0, 'bom_pcs_uoms_added': 0, 'bom_problems': [], 'bom_conflicts': [], 'units_added': [], 'panels_standard_costed': 0, 'models_hpp_applied': 84, 'models_hpp_failed': [], 'hpp_unvalidated': 40, 'hpp_validated': 64, 'variants_created': 0, 'variants_created_skus': []}&#10;assert 0 == 7&#10; +  where 0 = &lt;built-in method get of dict object at 0xfbbcbb7df980&gt;('variants_created')&#10; +    where &lt;built-in method get of dict object at 0xfbbcbb7df980&gt; = {'scope': 'bom', 'materials_updated': 0, 'accounts_updated': 0, 'stores_updated': 0, ...}.get">backend/tests/test_iter216_gap_workbook_variant_import.py:144: in test_variant_import_apply_bom_first_run
    assert j.get("variants_created") == 7, f"variants_created={j.get('variants_created')} full={j}"
E   AssertionError: variants_created=0 full={'scope': 'bom', 'materials_updated': 0, 'accounts_updated': 0, 'stores_updated': 0, 'models_weight_updated': 0, 'sku_prices_updated': 0, 'opening_stock_rows': 0, 'salaries_updated': 0, 'bom_models': 1, 'bom_groups': 1, 'bom_base_created': 0, 'boms_touched': 0, 'boms_unchanged': 7, 'bom_lines_appended': 0, 'bom_lines_replaced': 0, 'bom_lines_updated': 0, 'bom_pcs_uoms_added': 0, 'bom_problems': [], 'bom_conflicts': [], 'units_added': [], 'panels_standard_costed': 0, 'models_hpp_applied': 84, 'models_hpp_failed': [], 'hpp_unvalidated': 40, 'hpp_validated': 64, 'variants_created': 0, 'variants_created_skus': []}
E   assert 0 == 7
E    +  where 0 = &lt;built-in method get of dict object at 0xfbbcbb7df980&gt;('variants_created')
E    +    where &lt;built-in method get of dict object at 0xfbbcbb7df980&gt; = {'scope': 'bom', 'materials_updated': 0, 'accounts_updated': 0, 'stores_updated': 0, ...}.get</failure></testcase><testcase classname="tests.test_iter216_gap_workbook_variant_import" name="test_variant_import_apply_idempotent" time="2.319" /><testcase classname="tests.test_iter216_gap_workbook_variant_import" name="test_db_variants_and_materials_and_boms" time="0.078" /><testcase classname="tests.test_iter216_gap_workbook_variant_import" name="test_reprocess_client_file_model_tanpa_sku_drops" time="0.868" /></testsuite></testsuites>