<?xml version="1.0" encoding="utf-8"?><testsuites name="pytest tests"><testsuite name="pytest" errors="0" failures="0" skipped="0" tests="5" time="9.137" timestamp="2026-09-17T05:54:52.538063+00:00" hostname="agent-env-08e8b924-9b43-4ba4-83bb-7957ebb11c65"><testcase classname="tests.test_iter215_bom_golive" name="test_fill_preview_totals_and_issues" time="3.207" /><testcase classname="tests.test_iter215_bom_golive" name="test_fill_apply_scope_bom_idempotent" time="2.623" /><testcase classname="tests.test_iter215_bom_golive" name="test_laporan_sisa_10_sheets" time="1.073" /><testcase classname="tests.test_iter215_bom_golive" name="test_gap_workbook_has_bom_sheet" time="0.484" /><testcase classname="tests.test_iter215_bom_golive" name="test_models_count_and_da1101_bom" time="0.403" /></testsuite></testsuites>