<?xml version="1.0" encoding="utf-8"?><testsuites name="pytest tests"><testsuite name="pytest" errors="0" failures="0" skipped="0" tests="11" time="4.499" timestamp="2026-09-12T17:04:51.822477+00:00" hostname="agent-env-b005c7c7-5d98-4d94-9bf2-a1028b89f726"><testcase classname="tests.test_iter206_coa_sync.TestCashAccounts" name="test_list_20_all_linked" time="2.110" /><testcase classname="tests.test_iter206_coa_sync.TestChannelAndPostingProfiles" name="test_channel_gl_mapping" time="2.111" /><testcase classname="tests.test_iter206_coa_sync.TestCashAccounts" name="test_gl_candidates_empty" time="0.161" /><testcase classname="tests.test_iter206_coa_sync.TestChannelAndPostingProfiles" name="test_posting_profile_cmt_ap" time="0.144" /><testcase classname="tests.test_iter206_coa_sync.TestSyncMasters" name="test_idempotent" time="0.304" /><testcase classname="tests.test_iter206_coa_sync.TestCashAccounts" name="test_create_conflict_and_bad_gl" time="0.257" /><testcase classname="tests.test_iter206_coa_sync.TestCoAAutoSettings" name="test_settings" time="0.188" /><testcase classname="tests.test_iter206_coa_sync.TestCashAccounts" name="test_create_new_with_auto_gl_and_cleanup" time="0.573" /><testcase classname="tests.test_iter206_coa_sync.TestCoAAccounts" name="test_subledgers_and_store_revenue" time="0.166" /><testcase classname="tests.test_iter206_coa_sync.TestCashAccounts" name="test_create_cash_type_subledger_under_1_1100" time="0.452" /><testcase classname="tests.test_iter206_coa_sync.TestRegression" name="test_trial_balance" time="0.133" /></testsuite></testsuites>