<?xml version="1.0" encoding="utf-8"?><testsuites name="pytest tests"><testsuite name="pytest" errors="0" failures="0" skipped="0" tests="11" time="2.197" timestamp="2026-09-12T15:31:52.216053+00:00" hostname="agent-env-b005c7c7-5d98-4d94-9bf2-a1028b89f726"><testcase classname="tests.test_coa_unified_iter204.TestCoAUnified" name="test_all_active_accounts_4digit_regex" time="2.087" /><testcase classname="tests.test_coa_unified_iter204.TestCoAUnified" name="test_no_legacy_3digit_codes" time="0.000" /><testcase classname="tests.test_coa_unified_iter204.TestCoAUnified" name="test_specific_required_accounts" time="0.000" /><testcase classname="tests.test_coa_unified_iter204.TestJournalPosting" name="test_post_manual_balanced_journal" time="0.008" /><testcase classname="tests.test_coa_unified_iter204.TestJournalPosting" name="test_reject_header_account" time="0.004" /><testcase classname="tests.test_coa_unified_iter204.TestJournalPosting" name="test_reject_legacy_3digit_code" time="0.004" /><testcase classname="tests.test_coa_unified_iter204.TestJournalPosting" name="test_zzz_cleanup_void_journal" time="0.005" /><testcase classname="tests.test_coa_unified_iter204.TestPostingProfilesChannelMap" name="test_posting_profiles_use_valid_non_header" time="0.006" /><testcase classname="tests.test_coa_unified_iter204.TestPostingProfilesChannelMap" name="test_channel_gl_mapping_all_4digit" time="0.006" /><testcase classname="tests.test_coa_unified_iter204.TestModelsCategories" name="test_all_models_have_category" time="0.007" /><testcase classname="tests.test_coa_unified_iter204.TestModelsCategories" name="test_product_categories_has_expected" time="0.004" /></testsuite></testsuites>