<?xml version="1.0" encoding="utf-8"?><testsuites name="pytest tests"><testsuite name="pytest" errors="0" failures="0" skipped="0" tests="14" time="3.410" timestamp="2026-09-23T07:02:28.875159+00:00" hostname="agent-env-4282fbc9-bea2-4665-87a5-739657f414f1"><testcase classname="tests.test_harga_review_iter225" name="test_harga_review_no_token" time="0.523" /><testcase classname="tests.test_harga_review_iter225" name="test_harga_review_headers" time="0.538" /><testcase classname="tests.test_harga_review_iter225" name="test_sheet_order" time="0.183" /><testcase classname="tests.test_harga_review_iter225" name="test_material_headers" time="0.000" /><testcase classname="tests.test_harga_review_iter225" name="test_material_rows_valid_and_price_empty" time="0.006" /><testcase classname="tests.test_harga_review_iter225" name="test_material_count_matches_mongo" time="0.014" /><testcase classname="tests.test_harga_review_iter225" name="test_material_ordering_red_then_yellow" time="0.005" /><testcase classname="tests.test_harga_review_iter225" name="test_material_fill_colors" time="0.005" /><testcase classname="tests.test_harga_review_iter225" name="test_material_expected_red_items" time="0.015" /><testcase classname="tests.test_harga_review_iter225" name="test_hpp_model_sheet" time="0.001" /><testcase classname="tests.test_harga_review_iter225" name="test_bom_baris_mahal" time="0.003" /><testcase classname="tests.test_harga_review_iter225" name="test_kain_per_model" time="0.004" /><testcase classname="tests.test_harga_review_iter225" name="test_fill_preview_roundtrip_no_changes" time="0.077" /><testcase classname="tests.test_harga_review_iter225" name="test_fill_preview_edit_A_REN_0004" time="0.389" /></testsuite></testsuites>