<?xml version="1.0" encoding="utf-8"?><testsuites name="pytest tests"><testsuite name="pytest" errors="0" failures="0" skipped="0" tests="8" time="5.796" timestamp="2026-09-06T16:39:36.272905+00:00" hostname="agent-env-604b0bd3-6111-4138-bee7-d1616cceda1e"><testcase classname="tests.test_iter121_finance_fixes" name="test_fix1_profile_upgrade_restores_bank" time="0.509" /><testcase classname="tests.test_iter121_finance_fixes" name="test_fix2_create_cash_account_opening_je" time="1.388" /><testcase classname="tests.test_iter121_finance_fixes" name="test_fix3_ar_flow_payments_and_je" time="0.912" /><testcase classname="tests.test_iter121_finance_fixes" name="test_fix4_cash_balance_from_gl_and_sync_idempotent" time="0.582" /><testcase classname="tests.test_iter121_finance_fixes" name="test_fix5_ap_payments_enriched" time="0.828" /><testcase classname="tests.test_iter121_finance_fixes" name="test_fix6_marketplace_credit_note_settlement" time="0.277" /><testcase classname="tests.test_iter121_finance_fixes" name="test_fix7_wh_return_restock_good_condition" time="0.536" /><testcase classname="tests.test_iter121_finance_fixes" name="test_fix7b_wh_return_damaged_no_cogs" time="0.553" /></testsuite></testsuites>