<?xml version="1.0" encoding="utf-8"?><testsuites name="pytest tests"><testsuite name="pytest" errors="0" failures="0" skipped="0" tests="16" time="41.807" timestamp="2026-09-06T21:08:39.920455+00:00" hostname="agent-env-3c7ec2f4-530a-4226-b988-5525c2a6beb2"><testcase classname="tests.test_master_client_package" name="test_num_and_is_num_finite_values_regression" time="0.000" /><testcase classname="tests.test_master_client_package" name="test_num_handles_nan_infinity_and_bool_safely" time="0.000" /><testcase classname="tests.test_master_client_package" name="test_convert_line_cm_to_kg_requires_gsm_and_width" time="0.000" /><testcase classname="tests.test_master_client_package" name="test_catalog_analysis_normalizes_case_whitespace_and_detects_conflicts" time="0.001" /><testcase classname="tests.test_master_client_package" name="test_build_questions_includes_six_groups_and_actual_rows" time="0.001" /><testcase classname="tests.test_master_client_package" name="test_read_only_wrappers_allow_reads_and_block_mutations" time="0.000" /><testcase classname="tests.test_master_client_package" name="test_validate_paths_rejects_public_uploads_existing_and_nonexistent" time="0.003" /><testcase classname="tests.test_master_client_package" name="test_package_rejects_negative_historical_errors" time="0.001" /><testcase classname="tests.test_master_client_package" name="test_failure_during_build_cleans_staging_and_no_completed_output" time="0.001" /><testcase classname="tests.test_master_client_package" name="test_cli_rejects_apply_flag" time="0.303" /><testcase classname="tests.test_master_client_package" name="test_real_package_generation_private_artifacts_and_manifest" time="40.419" /><testcase classname="tests.test_master_client_package" name="test_example_package_is_clean_and_no_false_465_warning" time="0.327" /><testcase classname="tests.test_master_client_package" name="test_no_recognized_master_sheet_fails_safely" time="0.077" /><testcase classname="tests.test_master_client_package" name="test_generated_documents_redact_nik_and_store_formula_text_as_string" time="0.017" /><testcase classname="tests.test_master_client_package" name="test_external_api_health_200" time="0.276" /><testcase classname="tests.test_master_client_package" name="test_importer_dry_run_does_not_mutate_real_db_counts" time="0.051" /></testsuite></testsuites>